<?xml version="1.0" encoding="UTF-8"?>
<testsuite xmlns:xsi="http://www.w3.org/2001/XMLSchema-instance" xsi:noNamespaceSchemaLocation="https://maven.apache.org/surefire/maven-surefire-plugin/xsd/surefire-test-report.xsd" name="com.adactin.runner.AdactinRunner" time="20.893" tests="50" errors="0" skipped="0" failures="0">
  <properties>
    <property name="sun.desktop" value="windows"/>
    <property name="awt.toolkit" value="sun.awt.windows.WToolkit"/>
    <property name="file.encoding.pkg" value="sun.io"/>
    <property name="java.specification.version" value="1.8"/>
    <property name="sun.cpu.isalist" value="amd64"/>
    <property name="sun.jnu.encoding" value="Cp1252"/>
    <property name="java.class.path" value="C:\Users\ramkumar\eclipse-workspace\AdactinProject\target\test-classes;C:\Users\ramkumar\eclipse-workspace\AdactinProject\target\classes;C:\Users\ramkumar\.m2\repository\junit\junit\4.12\junit-4.12.jar;C:\Users\ramkumar\.m2\repository\org\hamcrest\hamcrest-core\1.3\hamcrest-core-1.3.jar;C:\Users\ramkumar\.m2\repository\info\cukes\cucumber-junit\1.2.5\cucumber-junit-1.2.5.jar;C:\Users\ramkumar\.m2\repository\info\cukes\cucumber-core\1.2.5\cucumber-core-1.2.5.jar;C:\Users\ramkumar\.m2\repository\info\cukes\cucumber-html\0.2.3\cucumber-html-0.2.3.jar;C:\Users\ramkumar\.m2\repository\info\cukes\cucumber-jvm-deps\1.0.5\cucumber-jvm-deps-1.0.5.jar;C:\Users\ramkumar\.m2\repository\info\cukes\gherkin\2.12.2\gherkin-2.12.2.jar;C:\Users\ramkumar\.m2\repository\info\cukes\cucumber-java\1.2.5\cucumber-java-1.2.5.jar;C:\Users\ramkumar\.m2\repository\org\seleniumhq\selenium\selenium-java\3.141.59\selenium-java-3.141.59.jar;C:\Users\ramkumar\.m2\repository\org\seleniumhq\selenium\selenium-api\3.141.59\selenium-api-3.141.59.jar;C:\Users\ramkumar\.m2\repository\org\seleniumhq\selenium\selenium-chrome-driver\3.141.59\selenium-chrome-driver-3.141.59.jar;C:\Users\ramkumar\.m2\repository\org\seleniumhq\selenium\selenium-edge-driver\3.141.59\selenium-edge-driver-3.141.59.jar;C:\Users\ramkumar\.m2\repository\org\seleniumhq\selenium\selenium-firefox-driver\3.141.59\selenium-firefox-driver-3.141.59.jar;C:\Users\ramkumar\.m2\repository\org\seleniumhq\selenium\selenium-ie-driver\3.141.59\selenium-ie-driver-3.141.59.jar;C:\Users\ramkumar\.m2\repository\org\seleniumhq\selenium\selenium-opera-driver\3.141.59\selenium-opera-driver-3.141.59.jar;C:\Users\ramkumar\.m2\repository\org\seleniumhq\selenium\selenium-remote-driver\3.141.59\selenium-remote-driver-3.141.59.jar;C:\Users\ramkumar\.m2\repository\org\seleniumhq\selenium\selenium-safari-driver\3.141.59\selenium-safari-driver-3.141.59.jar;C:\Users\ramkumar\.m2\repository\org\seleniumhq\selenium\selenium-support\3.141.59\selenium-support-3.141.59.jar;C:\Users\ramkumar\.m2\repository\net\bytebuddy\byte-buddy\1.8.15\byte-buddy-1.8.15.jar;C:\Users\ramkumar\.m2\repository\org\apache\commons\commons-exec\1.3\commons-exec-1.3.jar;C:\Users\ramkumar\.m2\repository\com\google\guava\guava\25.0-jre\guava-25.0-jre.jar;C:\Users\ramkumar\.m2\repository\com\google\code\findbugs\jsr305\1.3.9\jsr305-1.3.9.jar;C:\Users\ramkumar\.m2\repository\org\checkerframework\checker-compat-qual\2.0.0\checker-compat-qual-2.0.0.jar;C:\Users\ramkumar\.m2\repository\com\google\errorprone\error_prone_annotations\2.1.3\error_prone_annotations-2.1.3.jar;C:\Users\ramkumar\.m2\repository\com\google\j2objc\j2objc-annotations\1.1\j2objc-annotations-1.1.jar;C:\Users\ramkumar\.m2\repository\org\codehaus\mojo\animal-sniffer-annotations\1.14\animal-sniffer-annotations-1.14.jar;C:\Users\ramkumar\.m2\repository\com\squareup\okhttp3\okhttp\3.11.0\okhttp-3.11.0.jar;C:\Users\ramkumar\.m2\repository\com\squareup\okio\okio\1.14.0\okio-1.14.0.jar;C:\Users\ramkumar\.m2\repository\commons-io\commons-io\2.8.0\commons-io-2.8.0.jar;C:\Users\ramkumar\.m2\repository\com\aventstack\extentreports\3.1.2\extentreports-3.1.2.jar;C:\Users\ramkumar\.m2\repository\org\freemarker\freemarker\2.3.23\freemarker-2.3.23.jar;C:\Users\ramkumar\.m2\repository\org\mongodb\mongodb-driver\3.3.0\mongodb-driver-3.3.0.jar;C:\Users\ramkumar\.m2\repository\org\mongodb\bson\3.3.0\bson-3.3.0.jar;C:\Users\ramkumar\.m2\repository\org\mongodb\mongodb-driver-core\3.3.0\mongodb-driver-core-3.3.0.jar;C:\Users\ramkumar\.m2\repository\org\apache\httpcomponents\httpclient\4.5.2\httpclient-4.5.2.jar;C:\Users\ramkumar\.m2\repository\org\apache\httpcomponents\httpcore\4.4.4\httpcore-4.4.4.jar;C:\Users\ramkumar\.m2\repository\commons-logging\commons-logging\1.2\commons-logging-1.2.jar;C:\Users\ramkumar\.m2\repository\commons-codec\commons-codec\1.9\commons-codec-1.9.jar;C:\Users\ramkumar\.m2\repository\org\apache\httpcomponents\httpmime\4.5.2\httpmime-4.5.2.jar;C:\Users\ramkumar\.m2\repository\org\jsoup\jsoup\1.9.2\jsoup-1.9.2.jar;C:\Users\ramkumar\.m2\repository\com\google\code\gson\gson\2.8.0\gson-2.8.0.jar;C:\Users\ramkumar\.m2\repository\com\vimalselvam\cucumber-extentsreport\3.0.2\cucumber-extentsreport-3.0.2.jar;"/>
    <property name="java.vm.vendor" value="Oracle Corporation"/>
    <property name="sun.arch.data.model" value="64"/>
    <property name="user.variant" value=""/>
    <property name="java.vendor.url" value="http://java.oracle.com/"/>
    <property name="user.timezone" value="Asia/Calcutta"/>
    <property name="java.vm.specification.version" value="1.8"/>
    <property name="os.name" value="Windows 10"/>
    <property name="user.country" value="IN"/>
    <property name="sun.java.launcher" value="SUN_STANDARD"/>
    <property name="sun.boot.library.path" value="C:\Program Files\Java\jdk1.8.0_291\jre\bin"/>
    <property name="sun.java.command" value="C:\Users\ramkumar\AppData\Local\Temp\surefire4595713230827242013\surefirebooter4137863926184940940.jar C:\Users\ramkumar\AppData\Local\Temp\surefire4595713230827242013 2021-07-06T13-57-34_500-jvmRun1 surefire6732545114299641582tmp surefire_05234982626107634036tmp"/>
    <property name="surefire.test.class.path" value="C:\Users\ramkumar\eclipse-workspace\AdactinProject\target\test-classes;C:\Users\ramkumar\eclipse-workspace\AdactinProject\target\classes;C:\Users\ramkumar\.m2\repository\junit\junit\4.12\junit-4.12.jar;C:\Users\ramkumar\.m2\repository\org\hamcrest\hamcrest-core\1.3\hamcrest-core-1.3.jar;C:\Users\ramkumar\.m2\repository\info\cukes\cucumber-junit\1.2.5\cucumber-junit-1.2.5.jar;C:\Users\ramkumar\.m2\repository\info\cukes\cucumber-core\1.2.5\cucumber-core-1.2.5.jar;C:\Users\ramkumar\.m2\repository\info\cukes\cucumber-html\0.2.3\cucumber-html-0.2.3.jar;C:\Users\ramkumar\.m2\repository\info\cukes\cucumber-jvm-deps\1.0.5\cucumber-jvm-deps-1.0.5.jar;C:\Users\ramkumar\.m2\repository\info\cukes\gherkin\2.12.2\gherkin-2.12.2.jar;C:\Users\ramkumar\.m2\repository\info\cukes\cucumber-java\1.2.5\cucumber-java-1.2.5.jar;C:\Users\ramkumar\.m2\repository\org\seleniumhq\selenium\selenium-java\3.141.59\selenium-java-3.141.59.jar;C:\Users\ramkumar\.m2\repository\org\seleniumhq\selenium\selenium-api\3.141.59\selenium-api-3.141.59.jar;C:\Users\ramkumar\.m2\repository\org\seleniumhq\selenium\selenium-chrome-driver\3.141.59\selenium-chrome-driver-3.141.59.jar;C:\Users\ramkumar\.m2\repository\org\seleniumhq\selenium\selenium-edge-driver\3.141.59\selenium-edge-driver-3.141.59.jar;C:\Users\ramkumar\.m2\repository\org\seleniumhq\selenium\selenium-firefox-driver\3.141.59\selenium-firefox-driver-3.141.59.jar;C:\Users\ramkumar\.m2\repository\org\seleniumhq\selenium\selenium-ie-driver\3.141.59\selenium-ie-driver-3.141.59.jar;C:\Users\ramkumar\.m2\repository\org\seleniumhq\selenium\selenium-opera-driver\3.141.59\selenium-opera-driver-3.141.59.jar;C:\Users\ramkumar\.m2\repository\org\seleniumhq\selenium\selenium-remote-driver\3.141.59\selenium-remote-driver-3.141.59.jar;C:\Users\ramkumar\.m2\repository\org\seleniumhq\selenium\selenium-safari-driver\3.141.59\selenium-safari-driver-3.141.59.jar;C:\Users\ramkumar\.m2\repository\org\seleniumhq\selenium\selenium-support\3.141.59\selenium-support-3.141.59.jar;C:\Users\ramkumar\.m2\repository\net\bytebuddy\byte-buddy\1.8.15\byte-buddy-1.8.15.jar;C:\Users\ramkumar\.m2\repository\org\apache\commons\commons-exec\1.3\commons-exec-1.3.jar;C:\Users\ramkumar\.m2\repository\com\google\guava\guava\25.0-jre\guava-25.0-jre.jar;C:\Users\ramkumar\.m2\repository\com\google\code\findbugs\jsr305\1.3.9\jsr305-1.3.9.jar;C:\Users\ramkumar\.m2\repository\org\checkerframework\checker-compat-qual\2.0.0\checker-compat-qual-2.0.0.jar;C:\Users\ramkumar\.m2\repository\com\google\errorprone\error_prone_annotations\2.1.3\error_prone_annotations-2.1.3.jar;C:\Users\ramkumar\.m2\repository\com\google\j2objc\j2objc-annotations\1.1\j2objc-annotations-1.1.jar;C:\Users\ramkumar\.m2\repository\org\codehaus\mojo\animal-sniffer-annotations\1.14\animal-sniffer-annotations-1.14.jar;C:\Users\ramkumar\.m2\repository\com\squareup\okhttp3\okhttp\3.11.0\okhttp-3.11.0.jar;C:\Users\ramkumar\.m2\repository\com\squareup\okio\okio\1.14.0\okio-1.14.0.jar;C:\Users\ramkumar\.m2\repository\commons-io\commons-io\2.8.0\commons-io-2.8.0.jar;C:\Users\ramkumar\.m2\repository\com\aventstack\extentreports\3.1.2\extentreports-3.1.2.jar;C:\Users\ramkumar\.m2\repository\org\freemarker\freemarker\2.3.23\freemarker-2.3.23.jar;C:\Users\ramkumar\.m2\repository\org\mongodb\mongodb-driver\3.3.0\mongodb-driver-3.3.0.jar;C:\Users\ramkumar\.m2\repository\org\mongodb\bson\3.3.0\bson-3.3.0.jar;C:\Users\ramkumar\.m2\repository\org\mongodb\mongodb-driver-core\3.3.0\mongodb-driver-core-3.3.0.jar;C:\Users\ramkumar\.m2\repository\org\apache\httpcomponents\httpclient\4.5.2\httpclient-4.5.2.jar;C:\Users\ramkumar\.m2\repository\org\apache\httpcomponents\httpcore\4.4.4\httpcore-4.4.4.jar;C:\Users\ramkumar\.m2\repository\commons-logging\commons-logging\1.2\commons-logging-1.2.jar;C:\Users\ramkumar\.m2\repository\commons-codec\commons-codec\1.9\commons-codec-1.9.jar;C:\Users\ramkumar\.m2\repository\org\apache\httpcomponents\httpmime\4.5.2\httpmime-4.5.2.jar;C:\Users\ramkumar\.m2\repository\org\jsoup\jsoup\1.9.2\jsoup-1.9.2.jar;C:\Users\ramkumar\.m2\repository\com\google\code\gson\gson\2.8.0\gson-2.8.0.jar;C:\Users\ramkumar\.m2\repository\com\vimalselvam\cucumber-extentsreport\3.0.2\cucumber-extentsreport-3.0.2.jar;"/>
    <property name="sun.cpu.endian" value="little"/>
    <property name="user.home" value="C:\Users\ramkumar"/>
    <property name="user.language" value="en"/>
    <property name="java.specification.vendor" value="Oracle Corporation"/>
    <property name="java.home" value="C:\Program Files\Java\jdk1.8.0_291\jre"/>
    <property name="basedir" value="C:\Users\ramkumar\eclipse-workspace\AdactinProject"/>
    <property name="file.separator" value="\"/>
    <property name="line.separator" value="&#10;"/>
    <property name="java.vm.specification.vendor" value="Oracle Corporation"/>
    <property name="java.specification.name" value="Java Platform API Specification"/>
    <property name="java.awt.graphicsenv" value="sun.awt.Win32GraphicsEnvironment"/>
    <property name="surefire.real.class.path" value="C:\Users\ramkumar\AppData\Local\Temp\surefire4595713230827242013\surefirebooter4137863926184940940.jar"/>
    <property name="sun.boot.class.path" value="C:\Program Files\Java\jdk1.8.0_291\jre\lib\resources.jar;C:\Program Files\Java\jdk1.8.0_291\jre\lib\rt.jar;C:\Program Files\Java\jdk1.8.0_291\jre\lib\sunrsasign.jar;C:\Program Files\Java\jdk1.8.0_291\jre\lib\jsse.jar;C:\Program Files\Java\jdk1.8.0_291\jre\lib\jce.jar;C:\Program Files\Java\jdk1.8.0_291\jre\lib\charsets.jar;C:\Program Files\Java\jdk1.8.0_291\jre\lib\jfr.jar;C:\Program Files\Java\jdk1.8.0_291\jre\classes"/>
    <property name="user.script" value=""/>
    <property name="sun.management.compiler" value="HotSpot 64-Bit Tiered Compilers"/>
    <property name="java.runtime.version" value="1.8.0_291-b10"/>
    <property name="user.name" value="ramkumar"/>
    <property name="path.separator" value=";"/>
    <property name="os.version" value="10.0"/>
    <property name="java.endorsed.dirs" value="C:\Program Files\Java\jdk1.8.0_291\jre\lib\endorsed"/>
    <property name="java.runtime.name" value="Java(TM) SE Runtime Environment"/>
    <property name="file.encoding" value="Cp1252"/>
    <property name="java.vm.name" value="Java HotSpot(TM) 64-Bit Server VM"/>
    <property name="localRepository" value="C:\Users\ramkumar\.m2\repository"/>
    <property name="java.vendor.url.bug" value="http://bugreport.sun.com/bugreport/"/>
    <property name="java.io.tmpdir" value="C:\Users\ramkumar\AppData\Local\Temp\"/>
    <property name="java.version" value="1.8.0_291"/>
    <property name="user.dir" value="C:\Users\ramkumar\eclipse-workspace\AdactinProject"/>
    <property name="os.arch" value="amd64"/>
    <property name="java.vm.specification.name" value="Java Virtual Machine Specification"/>
    <property name="java.awt.printerjob" value="sun.awt.windows.WPrinterJob"/>
    <property name="sun.os.patch.level" value=""/>
    <property name="java.library.path" value="C:\Program Files\Java\jdk1.8.0_291\jre\bin;C:\Windows\Sun\Java\bin;C:\Windows\system32;C:\Windows;C:\Program Files (x86)\Common Files\Oracle\Java\javapath;C:\Windows\system32;C:\Windows;C:\Windows\System32\Wbem;C:\Windows\System32\WindowsPowerShell\v1.0\;C:\Windows\System32\OpenSSH\;C:\Program Files\NVIDIA Corporation\NVIDIA NvDLISR;C:\Program Files (x86)\NVIDIA Corporation\PhysX\Common;C:\apache-maven-3.8.1\bin;C:\Users\ramkumar\AppData\Local\Microsoft\WindowsApps;;."/>
    <property name="java.vm.info" value="mixed mode"/>
    <property name="java.vendor" value="Oracle Corporation"/>
    <property name="java.vm.version" value="25.291-b10"/>
    <property name="java.ext.dirs" value="C:\Program Files\Java\jdk1.8.0_291\jre\lib\ext;C:\Windows\Sun\Java\lib\ext"/>
    <property name="sun.io.unicode.encoding" value="UnicodeLittle"/>
    <property name="java.class.version" value="52.0"/>
  </properties>
  <testcase name="Given user launch the adactin application" classname="| abcd | 1234 |" time="0.005"/>
  <testcase name="When user enter the &quot;abcd&quot; valid username" classname="| abcd | 1234 |" time="0"/>
  <testcase name="And user enter the &quot;1234&quot; valid password" classname="| abcd | 1234 |" time="0"/>
  <testcase name="And user click the login button" classname="| abcd | 1234 |" time="0"/>
  <testcase name="Then user validate the username and password" classname="| abcd | 1234 |" time="0"/>
  <testcase name="| abcd | 1234 |" classname="| abcd | 1234 |" time="0.002"/>
  <testcase name="Given user launch the adactin application" classname="| 1234 | abcd |" time="0"/>
  <testcase name="When user enter the &quot;1234&quot; valid username" classname="| 1234 | abcd |" time="0"/>
  <testcase name="And user enter the &quot;abcd&quot; valid password" classname="| 1234 | abcd |" time="0"/>
  <testcase name="And user click the login button" classname="| 1234 | abcd |" time="0"/>
  <testcase name="Then user validate the username and password" classname="| 1234 | abcd |" time="0"/>
  <testcase name="| 1234 | abcd |" classname="| 1234 | abcd |" time="0.004"/>
  <testcase name="Given user launch the adactin application" classname="| ramkumar23 | 1234567890 |" time="0"/>
  <testcase name="When user enter the &quot;ramkumar23&quot; valid username" classname="| ramkumar23 | 1234567890 |" time="0"/>
  <testcase name="And user enter the &quot;1234567890&quot; valid password" classname="| ramkumar23 | 1234567890 |" time="0"/>
  <testcase name="And user click the login button" classname="| ramkumar23 | 1234567890 |" time="0"/>
  <testcase name="Then user validate the username and password" classname="| ramkumar23 | 1234567890 |" time="0"/>
  <testcase name="| ramkumar23 | 1234567890 |" classname="| ramkumar23 | 1234567890 |" time="0.003"/>
  <testcase name="When user select the location" classname="Scenario: user search for hotel" time="0"/>
  <testcase name="And user select the hotel" classname="Scenario: user search for hotel" time="0"/>
  <testcase name="And user select room type" classname="Scenario: user search for hotel" time="0"/>
  <testcase name="And user select number of rooms" classname="Scenario: user search for hotel" time="0"/>
  <testcase name="And user enter the checkin date" classname="Scenario: user search for hotel" time="0"/>
  <testcase name="And user enter the checkout date" classname="Scenario: user search for hotel" time="0"/>
  <testcase name="And user select number of rooms for adult" classname="Scenario: user search for hotel" time="0"/>
  <testcase name="And user select number of rooms for child" classname="Scenario: user search for hotel" time="0"/>
  <testcase name="And user click the search button" classname="Scenario: user search for hotel" time="0"/>
  <testcase name="Then user validate the search of hotel" classname="Scenario: user search for hotel" time="0"/>
  <testcase name="Scenario: user search for hotel" classname="Scenario: user search for hotel" time="0.006"/>
  <testcase name="When user click the checkbox of hotel" classname="Scenario: user select the hotel" time="0"/>
  <testcase name="And user click the continue button" classname="Scenario: user select the hotel" time="0"/>
  <testcase name="Then user validate the selection of hotel" classname="Scenario: user select the hotel" time="0"/>
  <testcase name="Scenario: user select the hotel" classname="Scenario: user select the hotel" time="0.004"/>
  <testcase name="When user enter the first name" classname="Scenario: user book the hotel" time="0"/>
  <testcase name="And user enter the last name" classname="Scenario: user book the hotel" time="0"/>
  <testcase name="And user enter the billing address" classname="Scenario: user book the hotel" time="0"/>
  <testcase name="And user enter the credit card number" classname="Scenario: user book the hotel" time="0"/>
  <testcase name="And user enter the credit card type" classname="Scenario: user book the hotel" time="0"/>
  <testcase name="And user enter the credit card expiry month" classname="Scenario: user book the hotel" time="0"/>
  <testcase name="And user enter the credit card expiry year" classname="Scenario: user book the hotel" time="0"/>
  <testcase name="And user enter the credit card cvv number" classname="Scenario: user book the hotel" time="0"/>
  <testcase name="And user click the booknow button" classname="Scenario: user book the hotel" time="0"/>
  <testcase name="Then user validate the booking of hotel" classname="Scenario: user book the hotel" time="0"/>
  <testcase name="Scenario: user book the hotel" classname="Scenario: user book the hotel" time="0.003"/>
  <testcase name="When user click myitinerary" classname="Scenario: user confirm hotel booking" time="0.001"/>
  <testcase name="Then user validate the confirmation of hotel booking" classname="Scenario: user confirm hotel booking" time="0"/>
  <testcase name="Scenario: user confirm hotel booking" classname="Scenario: user confirm hotel booking" time="0.004"/>
  <testcase name="When user click the logout button" classname="Scenario: user logout from application" time="0"/>
  <testcase name="Then user validate the logout of application" classname="Scenario: user logout from application" time="0"/>
  <testcase name="Scenario: user logout from application" classname="Scenario: user logout from application" time="0.002"/>
</testsuite>